<?xml version="1.0" encoding="utf-8" standalone="no"?>
<test-run id="2" name="PimsSupport.dll" fullname="C:\Users\OTurkakin\source\Workspaces\AlliedSolutions\PimsSupport\bin\Debug\PimsSupport.dll" testcasecount="31" result="Failed" total="3" passed="0" failed="3" inconclusive="0" skipped="0" asserts="2" engine-version="3.10.0.0" clr-version="4.0.30319.42000" start-time="2021-02-24 05:44:22Z" end-time="2021-02-24 05:45:55Z" duration="93.093145">
  <command-line><![CDATA["C:\PROGRAM FILES (X86)\MICROSOFT VISUAL STUDIO\2017\PROFESSIONAL\COMMON7\IDE\EXTENSIONS\TESTPLATFORM\Extensions\..//testhost.x86.exe"  --port 53943 --endpoint 127.0.0.1:053943 --role client --parentprocessid 33408 --datacollectionport 0 --telemetryoptedin true]]></command-line>
  <filter>
    <or>
      <test>PimsSupport.TESTS.HeadbarMainMenuTest("chrome").ValidateHeaderComponents</test>
      <test>PimsSupport.TESTS.HeadbarMainMenuTest("chrome").ValidateCFTDropdownMenu</test>
      <test>PimsSupport.TESTS.HeadbarMainMenuTest("chrome").ValidateCapsDropdownMenu</test>
    </or>
  </filter>
  <test-suite type="Assembly" id="0-1041" name="PimsSupport.dll" fullname="C:\Users\OTurkakin\source\Workspaces\AlliedSolutions\PimsSupport\bin\Debug\PimsSupport.dll" runstate="Runnable" testcasecount="31" result="Failed" site="Child" start-time="2021-02-24 05:44:22Z" end-time="2021-02-24 05:45:55Z" duration="93.047278" total="3" passed="0" failed="3" warnings="0" inconclusive="0" skipped="0" asserts="2">
    <environment framework-version="3.12.0.0" clr-version="4.0.30319.42000" os-version="Microsoft Windows NT 10.0.18363.0" platform="Win32NT" cwd="C:\Users\OTurkakin\AppData\Local\Temp" machine-name="LPF22YXWQ-1123" user="oturkakin" user-domain="ELDREDGE_A" culture="en-US" uiculture="en-US" os-architecture="x86" />
    <settings>
      <setting name="SynchronousEvents" value="False" />
      <setting name="InternalTraceLevel" value="Off" />
      <setting name="RandomSeed" value="386821559" />
      <setting name="TestParametersDictionary" value="[webAppUrl, http://pims-test.alliedsolutions.net/PimsSupport/Account/Login], [IsRemote, False]">
        <item key="webAppUrl" value="http://pims-test.alliedsolutions.net/PimsSupport/Account/Login" />
        <item key="IsRemote" value="False" />
      </setting>
      <setting name="TestParameters" value="webAppUrl=http://pims-test.alliedsolutions.net/PimsSupport/Account/Login;IsRemote=False" />
      <setting name="ProcessModel" value="InProcess" />
      <setting name="DomainUsage" value="Single" />
      <setting name="DefaultTestNamePattern" value="{m}{a}" />
      <setting name="WorkDirectory" value="C:\Users\OTurkakin\source\Workspaces\AlliedSolutions\PimsSupport\bin\Debug" />
      <setting name="ImageRuntimeVersion" value="4.0.30319" />
      <setting name="ImageTargetFrameworkName" value=".NETFramework,Version=v4.6.1" />
      <setting name="ImageRequiresX86" value="False" />
      <setting name="ImageRequiresDefaultAppDomainAssemblyResolver" value="False" />
      <setting name="RuntimeFramework" value="net-4.0" />
      <setting name="NumberOfTestWorkers" value="8" />
    </settings>
    <properties>
      <property name="_PID" value="32928" />
      <property name="_APPDOMAIN" value="domain-77068f79-PimsSupport.dll" />
    </properties>
    <failure>
      <message><![CDATA[One or more child tests had errors]]></message>
    </failure>
    <test-suite type="TestSuite" id="0-1042" name="PimsSupport" fullname="PimsSupport" runstate="Runnable" testcasecount="31" result="Failed" site="Child" start-time="2021-02-24 05:44:22Z" end-time="2021-02-24 05:45:55Z" duration="93.035594" total="3" passed="0" failed="3" warnings="0" inconclusive="0" skipped="0" asserts="2">
      <failure>
        <message><![CDATA[One or more child tests had errors]]></message>
      </failure>
      <test-suite type="TestSuite" id="0-1043" name="TESTS" fullname="PimsSupport.TESTS" runstate="Runnable" testcasecount="31" result="Failed" site="Child" start-time="2021-02-24 05:44:22Z" end-time="2021-02-24 05:45:55Z" duration="93.035237" total="3" passed="0" failed="3" warnings="0" inconclusive="0" skipped="0" asserts="2">
        <failure>
          <message><![CDATA[One or more child tests had errors]]></message>
        </failure>
        <test-suite type="TestFixture" id="0-1035" name="HeadbarMainMenuTest(&quot;chrome&quot;)" fullname="PimsSupport.TESTS.HeadbarMainMenuTest(&quot;chrome&quot;)" classname="PimsSupport.TESTS.HeadbarMainMenuTest" runstate="Runnable" testcasecount="5" result="Failed" site="Child" start-time="2021-02-24 05:44:22Z" end-time="2021-02-24 05:45:55Z" duration="93.032740" total="3" passed="0" failed="3" warnings="0" inconclusive="0" skipped="0" asserts="2">
          <failure>
            <message><![CDATA[One or more child tests had errors]]></message>
          </failure>
          <test-case id="0-1036" name="ValidateHeaderComponents" fullname="PimsSupport.TESTS.HeadbarMainMenuTest(&quot;chrome&quot;).ValidateHeaderComponents" methodname="ValidateHeaderComponents" classname="PimsSupport.TESTS.HeadbarMainMenuTest" runstate="Runnable" seed="319056667" result="Failed" label="Error" start-time="2021-02-24 05:44:23Z" end-time="2021-02-24 05:44:51Z" duration="27.754413" asserts="2">
            <properties>
              <property name="Description" value="Navigate to Home/Dashboard page and validate head menu components" />
              <property name="Category" value="SmokeTesting" />
              <property name="Order" value="1" />
            </properties>
            <failure>
              <message><![CDATA[OpenQA.Selenium.WebDriverTimeoutException : Timed out after 5 seconds
  ----> OpenQA.Selenium.NoSuchElementException : no such element: Unable to locate element: {"method":"link text","selector":"Bond"}
  (Session info: chrome=88.0.4324.182)]]></message>
              <stack-trace><![CDATA[   at OpenQA.Selenium.Support.UI.DefaultWait`1.ThrowTimeoutException(String exceptionMessage, Exception lastException)
   at OpenQA.Selenium.Support.UI.DefaultWait`1.Until[TResult](Func`2 condition)
   at FrameworkCore.PageObject.WebElementProxy.Get() in C:\Users\OTurkakin\source\Workspaces\AlliedSolutions\FrameworkCore\PageObject\WebElementProxy.cs:line 20
   at FrameworkCore.PageObject.WebElementProxy.<IsPresent>b__5_0(IWebDriver drv) in C:\Users\OTurkakin\source\Workspaces\AlliedSolutions\FrameworkCore\PageObject\WebElementProxy.cs:line 32
   at OpenQA.Selenium.Support.UI.DefaultWait`1.Until[TResult](Func`2 condition)
   at FrameworkCore.PageObject.WebElementProxy.IsPresent() in C:\Users\OTurkakin\source\Workspaces\AlliedSolutions\FrameworkCore\PageObject\WebElementProxy.cs:line 32
   at PimsSupport.PAGES.HeadbarMainMenuComponents.ValidateBondMenuEnabled() in C:\Users\OTurkakin\source\Workspaces\AlliedSolutions\PimsSupport\PAGES\MainComponents\HeadbarMainMenuComponents.cs:line 122
   at PimsSupport.TESTS.HeadbarMainMenuTest.<ValidateHeaderComponents>b__5_0() in C:\Users\OTurkakin\source\Workspaces\AlliedSolutions\PimsSupport\TESTS\MainComponents\HeadbarMainMenuTest.cs:line 39
   at NUnit.Framework.Assert.Multiple(TestDelegate testDelegate) in D:\a\1\s\src\NUnitFramework\framework\Assert.cs:line 323
   at PimsSupport.TESTS.HeadbarMainMenuTest.ValidateHeaderComponents() in C:\Users\OTurkakin\source\Workspaces\AlliedSolutions\PimsSupport\TESTS\MainComponents\HeadbarMainMenuTest.cs:line 35
--NoSuchElementException
   at OpenQA.Selenium.Remote.RemoteWebDriver.UnpackAndThrowOnError(Response errorResponse)
   at OpenQA.Selenium.Remote.RemoteWebDriver.Execute(String driverCommandToExecute, Dictionary`2 parameters)
   at OpenQA.Selenium.Remote.RemoteWebDriver.FindElement(String mechanism, String value)
   at OpenQA.Selenium.Remote.RemoteWebDriver.FindElementByLinkText(String linkText)
   at OpenQA.Selenium.By.<>c__DisplayClass17_0.<LinkText>b__0(ISearchContext context)
   at OpenQA.Selenium.By.FindElement(ISearchContext context)
   at OpenQA.Selenium.Remote.RemoteWebDriver.FindElement(By by)
   at FrameworkCore.PageObject.WebElementProxy.<Get>b__3_0(IWebDriver drv) in C:\Users\OTurkakin\source\Workspaces\AlliedSolutions\FrameworkCore\PageObject\WebElementProxy.cs:line 20
   at OpenQA.Selenium.Support.UI.DefaultWait`1.Until[TResult](Func`2 condition)]]></stack-trace>
            </failure>
          </test-case>
          <test-case id="0-1039" name="ValidateCapsDropdownMenu" fullname="PimsSupport.TESTS.HeadbarMainMenuTest(&quot;chrome&quot;).ValidateCapsDropdownMenu" methodname="ValidateCapsDropdownMenu" classname="PimsSupport.TESTS.HeadbarMainMenuTest" runstate="Runnable" seed="1474343907" result="Failed" label="Error" start-time="2021-02-24 05:44:51Z" end-time="2021-02-24 05:45:18Z" duration="27.397540" asserts="0">
            <properties>
              <property name="Description" value="Navigate to Home/Dashboard page and validate &quot;CAPS&quot;  drop-down list" />
              <property name="Category" value="SmokeTesting" />
              <property name="Order" value="4" />
            </properties>
            <failure>
              <message><![CDATA[OpenQA.Selenium.WebDriverTimeoutException : Timed out after 5 seconds]]></message>
              <stack-trace><![CDATA[   at OpenQA.Selenium.Support.UI.DefaultWait`1.ThrowTimeoutException(String exceptionMessage, Exception lastException)
   at OpenQA.Selenium.Support.UI.DefaultWait`1.Until[TResult](Func`2 condition)
   at FrameworkCore.PageObject.WebElementProxy.IsPresent() in C:\Users\OTurkakin\source\Workspaces\AlliedSolutions\FrameworkCore\PageObject\WebElementProxy.cs:line 32
   at PimsSupport.PAGES.HeadbarMainMenuComponents.ValidateClaimsPolicyNumbersEnabled() in C:\Users\OTurkakin\source\Workspaces\AlliedSolutions\PimsSupport\PAGES\MainComponents\HeadbarMainMenuComponents.cs:line 134
   at PimsSupport.TESTS.HeadbarMainMenuTest.<ValidateCapsDropdownMenu>b__8_0() in C:\Users\OTurkakin\source\Workspaces\AlliedSolutions\PimsSupport\TESTS\MainComponents\HeadbarMainMenuTest.cs:line 85
   at NUnit.Framework.Assert.Multiple(TestDelegate testDelegate) in D:\a\1\s\src\NUnitFramework\framework\Assert.cs:line 323
   at PimsSupport.TESTS.HeadbarMainMenuTest.ValidateCapsDropdownMenu() in C:\Users\OTurkakin\source\Workspaces\AlliedSolutions\PimsSupport\TESTS\MainComponents\HeadbarMainMenuTest.cs:line 83]]></stack-trace>
            </failure>
          </test-case>
          <test-case id="0-1040" name="ValidateCFTDropdownMenu" fullname="PimsSupport.TESTS.HeadbarMainMenuTest(&quot;chrome&quot;).ValidateCFTDropdownMenu" methodname="ValidateCFTDropdownMenu" classname="PimsSupport.TESTS.HeadbarMainMenuTest" runstate="Runnable" seed="1461714572" result="Failed" label="Error" start-time="2021-02-24 05:45:18Z" end-time="2021-02-24 05:45:45Z" duration="27.330102" asserts="0">
            <properties>
              <property name="Description" value="Navigate to Home/Dashboard page and validate &quot;CFT&quot; drop-down list" />
              <property name="Category" value="SmokeTesting" />
            </properties>
            <failure>
              <message><![CDATA[OpenQA.Selenium.WebDriverTimeoutException : Timed out after 5 seconds
  ----> OpenQA.Selenium.NoSuchElementException : no such element: Unable to locate element: {"method":"css selector","selector":"li:nth-of-type(3) > ul[role='menu']  a"}
  (Session info: chrome=88.0.4324.182)]]></message>
              <stack-trace><![CDATA[   at OpenQA.Selenium.Support.UI.DefaultWait`1.ThrowTimeoutException(String exceptionMessage, Exception lastException)
   at OpenQA.Selenium.Support.UI.DefaultWait`1.Until[TResult](Func`2 condition)
   at FrameworkCore.PageObject.WebElementProxy.Get() in C:\Users\OTurkakin\source\Workspaces\AlliedSolutions\FrameworkCore\PageObject\WebElementProxy.cs:line 20
   at FrameworkCore.PageObject.WebElementProxy.<IsPresent>b__5_0(IWebDriver drv) in C:\Users\OTurkakin\source\Workspaces\AlliedSolutions\FrameworkCore\PageObject\WebElementProxy.cs:line 32
   at OpenQA.Selenium.Support.UI.DefaultWait`1.Until[TResult](Func`2 condition)
   at FrameworkCore.PageObject.WebElementProxy.IsPresent() in C:\Users\OTurkakin\source\Workspaces\AlliedSolutions\FrameworkCore\PageObject\WebElementProxy.cs:line 32
   at PimsSupport.PAGES.HeadbarMainMenuComponents.ValidateAkcelerantEnabled() in C:\Users\OTurkakin\source\Workspaces\AlliedSolutions\PimsSupport\PAGES\MainComponents\HeadbarMainMenuComponents.cs:line 146
   at PimsSupport.TESTS.HeadbarMainMenuTest.<ValidateCFTDropdownMenu>b__9_0() in C:\Users\OTurkakin\source\Workspaces\AlliedSolutions\PimsSupport\TESTS\MainComponents\HeadbarMainMenuTest.cs:line 107
   at NUnit.Framework.Assert.Multiple(TestDelegate testDelegate) in D:\a\1\s\src\NUnitFramework\framework\Assert.cs:line 323
   at PimsSupport.TESTS.HeadbarMainMenuTest.ValidateCFTDropdownMenu() in C:\Users\OTurkakin\source\Workspaces\AlliedSolutions\PimsSupport\TESTS\MainComponents\HeadbarMainMenuTest.cs:line 105
--NoSuchElementException
   at OpenQA.Selenium.Remote.RemoteWebDriver.UnpackAndThrowOnError(Response errorResponse)
   at OpenQA.Selenium.Remote.RemoteWebDriver.Execute(String driverCommandToExecute, Dictionary`2 parameters)
   at OpenQA.Selenium.Remote.RemoteWebDriver.FindElement(String mechanism, String value)
   at OpenQA.Selenium.Remote.RemoteWebDriver.FindElementByCssSelector(String cssSelector)
   at OpenQA.Selenium.By.<>c__DisplayClass23_0.<CssSelector>b__0(ISearchContext context)
   at OpenQA.Selenium.By.FindElement(ISearchContext context)
   at OpenQA.Selenium.Remote.RemoteWebDriver.FindElement(By by)
   at FrameworkCore.PageObject.WebElementProxy.<Get>b__3_0(IWebDriver drv) in C:\Users\OTurkakin\source\Workspaces\AlliedSolutions\FrameworkCore\PageObject\WebElementProxy.cs:line 20
   at OpenQA.Selenium.Support.UI.DefaultWait`1.Until[TResult](Func`2 condition)]]></stack-trace>
            </failure>
          </test-case>
        </test-suite>
      </test-suite>
    </test-suite>
  </test-suite>
</test-run>